Collecting pip
  Downloading pip-6.0.8-py2.py3-none-any.whl (1.3MB)
Collecting setuptools
  Downloading setuptools-14.0-py2.py3-none-any.whl (501kB)
Installing collected packages: setuptools, pip

  Exception:
  Traceback (most recent call last):
    File "/tmp/tmprpQ_Qk/pip.zip/pip/basecommand.py", line 232, in main
      status = self.run(options, args)
    File "/tmp/tmprpQ_Qk/pip.zip/pip/commands/install.py", line 347, in run
      root=options.root_path,
    File "/tmp/tmprpQ_Qk/pip.zip/pip/req/req_set.py", line 549, in install
      **kwargs
    File "/tmp/tmprpQ_Qk/pip.zip/pip/req/req_install.py", line 754, in install
      self.move_wheel_files(self.source_dir, root=root)
    File "/tmp/tmprpQ_Qk/pip.zip/pip/req/req_install.py", line 963, in move_wheel_files
      isolated=self.isolated,
    File "/tmp/tmprpQ_Qk/pip.zip/pip/wheel.py", line 234, in move_wheel_files
      clobber(source, lib_dir, True)
    File "/tmp/tmprpQ_Qk/pip.zip/pip/wheel.py", line 212, in clobber
      shutil.copyfile(srcfile, destfile)
    File "/usr/lib/python2.7/shutil.py", line 83, in copyfile
      with open(dst, 'wb') as fdst:
  IOError: [Errno 13] Permission denied: '/usr/local/lib/python2.7/dist-packages/easy_install.py'

Requirement already satisfied (use --upgrade to upgrade): powerline-status in /usr/local/lib/python2.7/dist-packages
Requirement already up-to-date: powerline-status in /usr/local/lib/python2.7/dist-packages
Requirement already satisfied (use --upgrade to upgrade): powerline-status in ./.local/lib/python2.7/site-packages
Collecting ycm-client-support
  Could not find any downloads that satisfy the requirement ycm-client-support
  No distributions at all found for ycm-client-support
